#
# A fatal error has been detected by the Java Runtime Environment:
#
#  EXCEPTION_ACCESS_VIOLATION (0xc0000005) at pc=0x00007ffd15f8fa7a, pid=20092, tid=11332
#
# JRE version: OpenJDK Runtime Environment Temurin-17.0.4+8 (17.0.4+8) (build 17.0.4+8)
# Java VM: OpenJDK 64-Bit Server VM Temurin-17.0.4+8 (17.0.4+8, mixed mode, tiered, compressed oops, compressed class ptrs, g1 gc, windows-amd64)
# Problematic frame:
# V  [jvm.dll+0x79fa7a]
#
# No core dump will be written. Minidumps are not enabled by default on client versions of Windows
#
# If you would like to submit a bug report, please visit:
#   https://github.com/adoptium/adoptium-support/issues
#

---------------  S U M M A R Y ------------

Command Line: -XX:+ShowCodeDetailsInExceptionMessages -agentlib:jdwp=transport=dt_socket,suspend=y,address=localhost:60889 -ea -javaagent:D:\Eclipse\eclipse\configuration\org.eclipse.osgi\215\0\.cp\lib\javaagent-shaded.jar -Dfile.encoding=UTF-8 org.eclipse.jdt.internal.junit.runner.RemoteTestRunner -version 3 -port 60888 -testLoaderClass org.eclipse.jdt.internal.junit4.runner.JUnit4TestLoader -loaderpluginname org.eclipse.jdt.junit4.runtime -classNames SkipListTest

Host: 11th Gen Intel(R) Core(TM) i7-1165G7 @ 2.80GHz, 8 cores, 31G,  Windows 10 , 64 bit Build 19041 (10.0.19041.1889)
Time: Thu Sep  8 21:09:15 2022 Eastern Daylight Time elapsed time: 50.068839 seconds (0d 0h 0m 50s)

---------------  T H R E A D  ---------------

Current thread (0x000001f67638af10):  JavaThread "JDWP Transport Listener: dt_socket" daemon [_thread_in_vm, id=11332, stack(0x000000631a100000,0x000000631a200000)]

Stack: [0x000000631a100000,0x000000631a200000],  sp=0x000000631a1ff480,  free space=1021k
Native frames: (J=compiled Java code, j=interpreted, Vv=VM code, C=native code)
V  [jvm.dll+0x79fa7a]
V  [jvm.dll+0x50963c]
V  [jvm.dll+0x4d0ca4]
C  [jdwp.dll+0x22f7b]


siginfo: EXCEPTION_ACCESS_VIOLATION (0xc0000005), reading address 0x00000000008f0020


Register to memory mapping:

RIP=0x00007ffd15f8fa7a jvm.dll
RAX=0x0000000000000090 is an unknown value
RBX=0x000001f675ce28db points into unknown readable memory: 56 61 6c 75 65
RCX=0x00000000008f001c is an unknown value
RDX=0x000001f67637bc10 points into unknown readable memory: 0x73694c70696b534c | 4c 53 6b 69 70 4c 69 73
RSP=0x000000631a1ff480 is pointing into the stack for thread: 0x000001f67638af10
RBP=0x000001f675f49db0 points into unknown readable memory: 0x0000000200000002 | 02 00 00 00 02 00 00 00
RSI=0x0 is NULL
RDI=0xffffffffffffffff is an unknown value
R8 =0x000000000000000c is an unknown value
R9 =0x000000000000001d is an unknown value
R10=0x0 is NULL
R11=0x000000631a1ff4a0 is pointing into the stack for thread: 0x000001f67638af10
R12=0x000000631a1ff5d8 is pointing into the stack for thread: 0x000001f67638af10
R13=0x0 is NULL
R14=0x0000000800124858 is a pointer to class: 
SkipList {0x0000000800124860}
 - instance size:     4
 - klass size:        74
 - access:            public synchronized 
 - state:             fully_initialized
 - name:              'SkipList'
 - super:             'java/lang/Object'
 - sub:               
 - arrays:            NULL
 - methods:           Array<T>(0x000001f676e2ad18)
 - method ordering:   Array<T>(0x000001f676e2b9a0)
 - default_methods:   Array<T>(0x0000000000000000)
 - local interfaces:  Array<T>(0x000001f675400058)
 - trans. interfaces: Array<T>(0x000001f675400058)
 - constants:         constant pool [146] {0x000001f676e2c4d0} for 'SkipList' cache=0x000001f676e2ca00
 - class loader data:  loader data: 0x000001f675c4d9f0 for instance a 'jdk/internal/loader/ClassLoaders$AppClassLoader'{0x00000006234f8910}
 - source file:       'SkipList.java'
 - source debug extension:       SMAP
SkipList.java
Java
*S jdt
*F
1 SkipList.java
2 file:/D:/Eclipse%20Workplace/Rectangle1/bin/
*L
*E

 - class annotations:       Array<T>(0x0000000000000000)
 - class type annotations:  Array<T>(0x0000000000000000)
 - field annotations:       Array<T>(0x0000000000000000)
 - field type annotations:  Array<T>(0x0000000000000000)
 - previous version:  constant pool [139] {0x000001f676e257c0} for 'SkipList' (extra) cache=0x000001f676e22330
 - generic signature: '
[error occurred during error reporting (printing register info), id 0xc0000005, EXCEPTION_ACCESS_VIOLATION (0xc0000005) at pc=0x00007ffd15f90686]

Registers:
RAX=0x0000000000000090, RBX=0x000001f675ce28db, RCX=0x00000000008f001c, RDX=0x000001f67637bc10
RSP=0x000000631a1ff480, RBP=0x000001f675f49db0, RSI=0x0000000000000000, RDI=0xffffffffffffffff
R8 =0x000000000000000c, R9 =0x000000000000001d, R10=0x0000000000000000, R11=0x000000631a1ff4a0
R12=0x000000631a1ff5d8, R13=0x0000000000000000, R14=0x0000000800124858, R15=0x000000631a1ff600
RIP=0x00007ffd15f8fa7a, EFLAGS=0x0000000000010202

Top of Stack: (sp=0x000000631a1ff480)
0x000000631a1ff480:   0000000000000008 0000000800124858
0x000000631a1ff490:   000001f675fbede0 00007ffdb06547b1
0x000000631a1ff4a0:   ffffffffffffffff 00007ffd15cf963c
0x000000631a1ff4b0:   000001f675ce28db 000001f675ce28d0
0x000000631a1ff4c0:   000001f675f49db0 0000000000000000
0x000000631a1ff4d0:   000001f675ce28b0 00000000000003d8
0x000000631a1ff4e0:   000001f675ce28c0 000001f675ce2c98
0x000000631a1ff4f0:   0000000000003901 000000631a1ff5d8
0x000000631a1ff500:   0000000000000007 000001f67638b1b8
0x000000631a1ff510:   00000006224320a0 00007ffd15cc0ca4
0x000000631a1ff520:   000001f67638af10 000000631a1ff600
0x000000631a1ff530:   000001f64ae5c710 000000631a1ff600
0x000000631a1ff540:   000001f67638af10 0000000000000000
0x000000631a1ff550:   0000000000000000 0000000000000000
0x000000631a1ff560:   000001f675e1bb28 00007ffd8c0b2f7b
0x000000631a1ff570:   000000631a1ff5f8 00007ffd8c0c1600 

Instructions: (pc=0x00007ffd15f8fa7a)
0x00007ffd15f8f97a:   48 83 c4 20 5f e9 6c 69 90 ff cc cc cc cc cc cc
0x00007ffd15f8f98a:   cc cc cc cc cc cc 48 89 5c 24 08 57 48 83 ec 20
0x00007ffd15f8f99a:   83 fa 02 8d 42 06 b9 08 00 00 00 49 8b d8 0f 4e
0x00007ffd15f8f9aa:   c1 48 63 c8 48 83 c1 07 83 e1 f8 48 63 f9 49 8b
0x00007ffd15f8f9ba:   48 18 48 8b c7 48 f7 d0 48 3b c1 73 16 4c 8d 05
0x00007ffd15f8f9ca:   6a 58 17 00 48 8b d7 48 8b cb e8 77 cc 90 ff 48
0x00007ffd15f8f9da:   8b 4b 18 48 8d 04 39 48 3b 43 20 76 18 45 33 c0
0x00007ffd15f8f9ea:   48 8b d7 48 8b cb 48 8b 5c 24 30 48 83 c4 20 5f
0x00007ffd15f8f9fa:   e9 d1 c8 90 ff 48 89 43 18 48 8b c1 48 8b 5c 24
0x00007ffd15f8fa0a:   30 48 83 c4 20 5f c3 cc cc cc cc cc cc cc cc cc
0x00007ffd15f8fa1a:   cc cc cc cc cc cc 4c 8b d2 4c 8b d9 45 85 c0 7e
0x00007ffd15f8fa2a:   3c 44 0f b7 49 04 41 8d 40 ff 41 3b c1 44 0f 4c
0x00007ffd15f8fa3a:   c8 4d 63 c1 45 85 c9 7e 1f 48 8b c2 4c 2b da 49
0x00007ffd15f8fa4a:   8b d0 0f 1f 40 00 41 0f b6 4c 03 06 88 08 48 8d
0x00007ffd15f8fa5a:   40 01 48 83 ea 01 75 ee 43 c6 04 10 00 49 8b c2
0x00007ffd15f8fa6a:   c3 cc cc cc cc cc 48 89 5c 24 08 57 48 83 ec 20
0x00007ffd15f8fa7a:   0f b7 59 04 48 8b f9 33 d2 48 8d 4b 01 e8 c4 d9
0x00007ffd15f8fa8a:   f2 ff 0f b7 57 04 4c 8b c0 3b da 0f 42 d3 44 8b
0x00007ffd15f8fa9a:   ca 85 d2 74 39 48 2b f8 0f 1f 40 00 66 66 0f 1f
0x00007ffd15f8faaa:   84 00 00 00 00 00 0f b6 4c 07 06 88 08 48 ff c0
0x00007ffd15f8faba:   48 8b c8 49 2b c8 49 3b c9 7c eb 42 c6 04 02 00
0x00007ffd15f8faca:   49 8b c0 48 8b 5c 24 30 48 83 c4 20 5f c3 48 8b
0x00007ffd15f8fada:   5c 24 30 c6 04 02 00 48 83 c4 20 5f c3 cc cc cc
0x00007ffd15f8faea:   cc cc cc cc cc cc 4c 8b d1 45 85 c0 7e 6c 44 0f
0x00007ffd15f8fafa:   b7 49 04 41 8d 40 ff 41 3b c1 44 0f 4c c8 4d 63
0x00007ffd15f8fb0a:   d9 45 85 c9 7e 22 48 8b ca 4c 2b d2 4d 8b c3 0f
0x00007ffd15f8fb1a:   1f 80 00 00 00 00 41 0f b6 44 0a 06 88 01 48 8d
0x00007ffd15f8fb2a:   49 01 49 83 e8 01 75 ee 41 c6 04 13 00 48 c7 c0
0x00007ffd15f8fb3a:   ff ff ff ff 66 90 48 ff c0 80 3c 02 00 75 f7 48
0x00007ffd15f8fb4a:   63 c8 85 c0 48 8b c2 7e 14 80 38 2f 75 03 c6 00
0x00007ffd15f8fb5a:   2e 48 ff c0 48 83 e9 01 75 ef 48 8b c2 c3 cc cc
0x00007ffd15f8fb6a:   cc cc cc cc cc cc 48 83 ec 28 e8 f7 fe ff ff 4c 


Stack slot to memory mapping:
stack at sp + 0 slots: 0x0000000000000008 is an unknown value
stack at sp + 1 slots: 0x0000000800124858 is a pointer to class: 
SkipList {0x0000000800124860}
 - instance size:     4
 - klass size:        74
 - access:            public synchronized 
 - state:             fully_initialized
 - name:              'SkipList'
 - super:             'java/lang/Object'
 - sub:               
 - arrays:            NULL
 - methods:           Array<T>(0x000001f676e2ad18)
 - method ordering:   Array<T>(0x000001f676e2b9a0)
 - default_methods:   Array<T>(0x0000000000000000)
 - local interfaces:  Array<T>(0x000001f675400058)
 - trans. interfaces: Array<T>(0x000001f675400058)
 - constants:         constant pool [146] {0x000001f676e2c4d0} for 'SkipList' cache=0x000001f676e2ca00
 - class loader data:  loader data: 0x000001f675c4d9f0 for instance a 'jdk/internal/loader/ClassLoaders$AppClassLoader'{0x00000006234f8910}
 - source file:       'SkipList.java'
 - source debug extension:       SMAP
SkipList.java
Java
*S jdt
*F
1 SkipList.java
2 file:/D:/Eclipse%20Workplace/Rectangle1/bin/
*L
*E

 - class annotations:       Array<T>(0x0000000000000000)
 - class type annotations:  Array<T>(0x0000000000000000)
 - field annotations:       Array<T>(0x0000000000000000)
 - field type annotations:  Array<T>(0x0000000000000000)
 - previous version:  constant pool [139] {0x000001f676e257c0} for 'SkipList' (extra) cache=0x000001f676e22330
 - generic signature: '
[error occurred during error reporting (inspecting top of stack), id 0xc0000005, EXCEPTION_ACCESS_VIOLATION (0xc0000005) at pc=0x00007ffd15f90686]


---------------  P R O C E S S  ---------------

Threads class SMR info:
_java_thread_list=0x000001f6767b4160, length=16, elements={
0x000001f64ae71cf0, 0x000001f675c4aee0, 0x000001f675c4b5b0, 0x000001f675cc8230,
0x000001f675ca0920, 0x000001f675ca2e00, 0x000001f675ca32d0, 0x000001f675ca3ad0,
0x000001f675ca3fe0, 0x000001f675cf0780, 0x000001f675dddb20, 0x000001f67638af10,
0x000001f67638cbd0, 0x000001f67638d0c0, 0x000001f67637bf50, 0x000001f675ff6020
}

Java Threads: ( => current thread )
  0x000001f64ae71cf0 JavaThread "main" [_thread_blocked, id=8904, stack(0x0000006319000000,0x0000006319100000)]
  0x000001f675c4aee0 JavaThread "Reference Handler" daemon [_thread_blocked, id=20212, stack(0x0000006319700000,0x0000006319800000)]
  0x000001f675c4b5b0 JavaThread "Finalizer" daemon [_thread_blocked, id=2936, stack(0x0000006319800000,0x0000006319900000)]
  0x000001f675cc8230 JavaThread "Signal Dispatcher" daemon [_thread_blocked, id=20016, stack(0x0000006319900000,0x0000006319a00000)]
  0x000001f675ca0920 JavaThread "Attach Listener" daemon [_thread_blocked, id=13356, stack(0x0000006319a00000,0x0000006319b00000)]
  0x000001f675ca2e00 JavaThread "Service Thread" daemon [_thread_blocked, id=17692, stack(0x0000006319b00000,0x0000006319c00000)]
  0x000001f675ca32d0 JavaThread "Monitor Deflation Thread" daemon [_thread_blocked, id=11280, stack(0x0000006319c00000,0x0000006319d00000)]
  0x000001f675ca3ad0 JavaThread "C2 CompilerThread0" daemon [_thread_blocked, id=12148, stack(0x0000006319d00000,0x0000006319e00000)]
  0x000001f675ca3fe0 JavaThread "C1 CompilerThread0" daemon [_thread_blocked, id=16484, stack(0x0000006319e00000,0x0000006319f00000)]
  0x000001f675cf0780 JavaThread "Sweeper thread" daemon [_thread_blocked, id=2100, stack(0x0000006319f00000,0x000000631a000000)]
  0x000001f675dddb20 JavaThread "Common-Cleaner" daemon [_thread_blocked, id=13244, stack(0x000000631a000000,0x000000631a100000)]
=>0x000001f67638af10 JavaThread "JDWP Transport Listener: dt_socket" daemon [_thread_in_vm, id=11332, stack(0x000000631a100000,0x000000631a200000)]
  0x000001f67638cbd0 JavaThread "JDWP Event Helper Thread" daemon [_thread_blocked, id=14652, stack(0x000000631a200000,0x000000631a300000)]
  0x000001f67638d0c0 JavaThread "JDWP Command Reader" daemon [_thread_in_native, id=16140, stack(0x000000631a300000,0x000000631a400000)]
  0x000001f67637bf50 JavaThread "Notification Thread" daemon [_thread_blocked, id=15116, stack(0x000000631a500000,0x000000631a600000)]
  0x000001f675ff6020 JavaThread "ReaderThread" [_thread_in_native, id=20428, stack(0x000000631a700000,0x000000631a800000)]

Other Threads:
  0x000001f675c6fc10 VMThread "VM Thread" [stack: 0x0000006319600000,0x0000006319700000] [id=15760]
  0x000001f6766ebd10 WatcherThread [stack: 0x000000631a600000,0x000000631a700000] [id=7256]
  0x000001f64af1cb70 GCTaskThread "GC Thread#0" [stack: 0x0000006319100000,0x0000006319200000] [id=15676]
  0x000001f64af2d800 ConcurrentGCThread "G1 Main Marker" [stack: 0x0000006319200000,0x0000006319300000] [id=1780]
  0x000001f64af2f8d0 ConcurrentGCThread "G1 Conc#0" [stack: 0x0000006319300000,0x0000006319400000] [id=18940]
  0x000001f64af4e3e0 ConcurrentGCThread "G1 Refine#0" [stack: 0x0000006319400000,0x0000006319500000] [id=11204]
  0x000001f64af4e920 ConcurrentGCThread "G1 Service" [stack: 0x0000006319500000,0x0000006319600000] [id=11584]

Threads with active compile tasks:

VM state: not at safepoint (normal execution)

VM Mutex/Monitor currently owned by a thread: None

Heap address: 0x0000000603800000, size: 8136 MB, Compressed Oops mode: Zero based, Oop shift amount: 3

CDS archive(s) not mapped
Compressed class space mapped at: 0x0000000800000000-0x0000000840000000, reserved size: 1073741824
Narrow klass base: 0x0000000800000000, Narrow klass shift: 0, Narrow klass range: 0x40000000

GC Precious Log:
 CPUs: 8 total, 8 available
 Memory: 32533M
 Large Page Support: Disabled
 NUMA Support: Disabled
 Compressed Oops: Enabled (Zero based)
 Heap Region Size: 4M
 Heap Min Capacity: 8M
 Heap Initial Capacity: 512M
 Heap Max Capacity: 8136M
 Pre-touch: Disabled
 Parallel Workers: 8
 Concurrent Workers: 2
 Concurrent Refinement Workers: 8
 Periodic GC: Disabled

Heap:
 garbage-first heap   total 524288K, used 16384K [0x0000000603800000, 0x0000000800000000)
  region size 4096K, 5 young (20480K), 0 survivors (0K)
 Metaspace       used 12642K, committed 12800K, reserved 1064960K
  class space    used 1178K, committed 1280K, reserved 1048576K

Heap Regions: E=young(eden), S=young(survivor), O=old, HS=humongous(starts), HC=humongous(continues), CS=collection set, F=free, OA=open archive, CA=closed archive, TAMS=top-at-mark-start (previous, next)
|   0|0x0000000603800000, 0x0000000603800000, 0x0000000603c00000|  0%| F|  |TAMS 0x0000000603800000, 0x0000000603800000| Untracked 
|   1|0x0000000603c00000, 0x0000000603c00000, 0x0000000604000000|  0%| F|  |TAMS 0x0000000603c00000, 0x0000000603c00000| Untracked 
|   2|0x0000000604000000, 0x0000000604000000, 0x0000000604400000|  0%| F|  |TAMS 0x0000000604000000, 0x0000000604000000| Untracked 
|   3|0x0000000604400000, 0x0000000604400000, 0x0000000604800000|  0%| F|  |TAMS 0x0000000604400000, 0x0000000604400000| Untracked 
|   4|0x0000000604800000, 0x0000000604800000, 0x0000000604c00000|  0%| F|  |TAMS 0x0000000604800000, 0x0000000604800000| Untracked 
|   5|0x0000000604c00000, 0x0000000604c00000, 0x0000000605000000|  0%| F|  |TAMS 0x0000000604c00000, 0x0000000604c00000| Untracked 
|   6|0x0000000605000000, 0x0000000605000000, 0x0000000605400000|  0%| F|  |TAMS 0x0000000605000000, 0x0000000605000000| Untracked 
|   7|0x0000000605400000, 0x0000000605400000, 0x0000000605800000|  0%| F|  |TAMS 0x0000000605400000, 0x0000000605400000| Untracked 
|   8|0x0000000605800000, 0x0000000605800000, 0x0000000605c00000|  0%| F|  |TAMS 0x0000000605800000, 0x0000000605800000| Untracked 
|   9|0x0000000605c00000, 0x0000000605c00000, 0x0000000606000000|  0%| F|  |TAMS 0x0000000605c00000, 0x0000000605c00000| Untracked 
|  10|0x0000000606000000, 0x0000000606000000, 0x0000000606400000|  0%| F|  |TAMS 0x0000000606000000, 0x0000000606000000| Untracked 
|  11|0x0000000606400000, 0x0000000606400000, 0x0000000606800000|  0%| F|  |TAMS 0x0000000606400000, 0x0000000606400000| Untracked 
|  12|0x0000000606800000, 0x0000000606800000, 0x0000000606c00000|  0%| F|  |TAMS 0x0000000606800000, 0x0000000606800000| Untracked 
|  13|0x0000000606c00000, 0x0000000606c00000, 0x0000000607000000|  0%| F|  |TAMS 0x0000000606c00000, 0x0000000606c00000| Untracked 
|  14|0x0000000607000000, 0x0000000607000000, 0x0000000607400000|  0%| F|  |TAMS 0x0000000607000000, 0x0000000607000000| Untracked 
|  15|0x0000000607400000, 0x0000000607400000, 0x0000000607800000|  0%| F|  |TAMS 0x0000000607400000, 0x0000000607400000| Untracked 
|  16|0x0000000607800000, 0x0000000607800000, 0x0000000607c00000|  0%| F|  |TAMS 0x0000000607800000, 0x0000000607800000| Untracked 
|  17|0x0000000607c00000, 0x0000000607c00000, 0x0000000608000000|  0%| F|  |TAMS 0x0000000607c00000, 0x0000000607c00000| Untracked 
|  18|0x0000000608000000, 0x0000000608000000, 0x0000000608400000|  0%| F|  |TAMS 0x0000000608000000, 0x0000000608000000| Untracked 
|  19|0x0000000608400000, 0x0000000608400000, 0x0000000608800000|  0%| F|  |TAMS 0x0000000608400000, 0x0000000608400000| Untracked 
|  20|0x0000000608800000, 0x0000000608800000, 0x0000000608c00000|  0%| F|  |TAMS 0x0000000608800000, 0x0000000608800000| Untracked 
|  21|0x0000000608c00000, 0x0000000608c00000, 0x0000000609000000|  0%| F|  |TAMS 0x0000000608c00000, 0x0000000608c00000| Untracked 
|  22|0x0000000609000000, 0x0000000609000000, 0x0000000609400000|  0%| F|  |TAMS 0x0000000609000000, 0x0000000609000000| Untracked 
|  23|0x0000000609400000, 0x0000000609400000, 0x0000000609800000|  0%| F|  |TAMS 0x0000000609400000, 0x0000000609400000| Untracked 
|  24|0x0000000609800000, 0x0000000609800000, 0x0000000609c00000|  0%| F|  |TAMS 0x0000000609800000, 0x0000000609800000| Untracked 
|  25|0x0000000609c00000, 0x0000000609c00000, 0x000000060a000000|  0%| F|  |TAMS 0x0000000609c00000, 0x0000000609c00000| Untracked 
|  26|0x000000060a000000, 0x000000060a000000, 0x000000060a400000|  0%| F|  |TAMS 0x000000060a000000, 0x000000060a000000| Untracked 
|  27|0x000000060a400000, 0x000000060a400000, 0x000000060a800000|  0%| F|  |TAMS 0x000000060a400000, 0x000000060a400000| Untracked 
|  28|0x000000060a800000, 0x000000060a800000, 0x000000060ac00000|  0%| F|  |TAMS 0x000000060a800000, 0x000000060a800000| Untracked 
|  29|0x000000060ac00000, 0x000000060ac00000, 0x000000060b000000|  0%| F|  |TAMS 0x000000060ac00000, 0x000000060ac00000| Untracked 
|  30|0x000000060b000000, 0x000000060b000000, 0x000000060b400000|  0%| F|  |TAMS 0x000000060b000000, 0x000000060b000000| Untracked 
|  31|0x000000060b400000, 0x000000060b400000, 0x000000060b800000|  0%| F|  |TAMS 0x000000060b400000, 0x000000060b400000| Untracked 
|  32|0x000000060b800000, 0x000000060b800000, 0x000000060bc00000|  0%| F|  |TAMS 0x000000060b800000, 0x000000060b800000| Untracked 
|  33|0x000000060bc00000, 0x000000060bc00000, 0x000000060c000000|  0%| F|  |TAMS 0x000000060bc00000, 0x000000060bc00000| Untracked 
|  34|0x000000060c000000, 0x000000060c000000, 0x000000060c400000|  0%| F|  |TAMS 0x000000060c000000, 0x000000060c000000| Untracked 
|  35|0x000000060c400000, 0x000000060c400000, 0x000000060c800000|  0%| F|  |TAMS 0x000000060c400000, 0x000000060c400000| Untracked 
|  36|0x000000060c800000, 0x000000060c800000, 0x000000060cc00000|  0%| F|  |TAMS 0x000000060c800000, 0x000000060c800000| Untracked 
|  37|0x000000060cc00000, 0x000000060cc00000, 0x000000060d000000|  0%| F|  |TAMS 0x000000060cc00000, 0x000000060cc00000| Untracked 
|  38|0x000000060d000000, 0x000000060d000000, 0x000000060d400000|  0%| F|  |TAMS 0x000000060d000000, 0x000000060d000000| Untracked 
|  39|0x000000060d400000, 0x000000060d400000, 0x000000060d800000|  0%| F|  |TAMS 0x000000060d400000, 0x000000060d400000| Untracked 
|  40|0x000000060d800000, 0x000000060d800000, 0x000000060dc00000|  0%| F|  |TAMS 0x000000060d800000, 0x000000060d800000| Untracked 
|  41|0x000000060dc00000, 0x000000060dc00000, 0x000000060e000000|  0%| F|  |TAMS 0x000000060dc00000, 0x000000060dc00000| Untracked 
|  42|0x000000060e000000, 0x000000060e000000, 0x000000060e400000|  0%| F|  |TAMS 0x000000060e000000, 0x000000060e000000| Untracked 
|  43|0x000000060e400000, 0x000000060e400000, 0x000000060e800000|  0%| F|  |TAMS 0x000000060e400000, 0x000000060e400000| Untracked 
|  44|0x000000060e800000, 0x000000060e800000, 0x000000060ec00000|  0%| F|  |TAMS 0x000000060e800000, 0x000000060e800000| Untracked 
|  45|0x000000060ec00000, 0x000000060ec00000, 0x000000060f000000|  0%| F|  |TAMS 0x000000060ec00000, 0x000000060ec00000| Untracked 
|  46|0x000000060f000000, 0x000000060f000000, 0x000000060f400000|  0%| F|  |TAMS 0x000000060f000000, 0x000000060f000000| Untracked 
|  47|0x000000060f400000, 0x000000060f400000, 0x000000060f800000|  0%| F|  |TAMS 0x000000060f400000, 0x000000060f400000| Untracked 
|  48|0x000000060f800000, 0x000000060f800000, 0x000000060fc00000|  0%| F|  |TAMS 0x000000060f800000, 0x000000060f800000| Untracked 
|  49|0x000000060fc00000, 0x000000060fc00000, 0x0000000610000000|  0%| F|  |TAMS 0x000000060fc00000, 0x000000060fc00000| Untracked 
|  50|0x0000000610000000, 0x0000000610000000, 0x0000000610400000|  0%| F|  |TAMS 0x0000000610000000, 0x0000000610000000| Untracked 
|  51|0x0000000610400000, 0x0000000610400000, 0x0000000610800000|  0%| F|  |TAMS 0x0000000610400000, 0x0000000610400000| Untracked 
|  52|0x0000000610800000, 0x0000000610800000, 0x0000000610c00000|  0%| F|  |TAMS 0x0000000610800000, 0x0000000610800000| Untracked 
|  53|0x0000000610c00000, 0x0000000610c00000, 0x0000000611000000|  0%| F|  |TAMS 0x0000000610c00000, 0x0000000610c00000| Untracked 
|  54|0x0000000611000000, 0x0000000611000000, 0x0000000611400000|  0%| F|  |TAMS 0x0000000611000000, 0x0000000611000000| Untracked 
|  55|0x0000000611400000, 0x0000000611400000, 0x0000000611800000|  0%| F|  |TAMS 0x0000000611400000, 0x0000000611400000| Untracked 
|  56|0x0000000611800000, 0x0000000611800000, 0x0000000611c00000|  0%| F|  |TAMS 0x0000000611800000, 0x0000000611800000| Untracked 
|  57|0x0000000611c00000, 0x0000000611c00000, 0x0000000612000000|  0%| F|  |TAMS 0x0000000611c00000, 0x0000000611c00000| Untracked 
|  58|0x0000000612000000, 0x0000000612000000, 0x0000000612400000|  0%| F|  |TAMS 0x0000000612000000, 0x0000000612000000| Untracked 
|  59|0x0000000612400000, 0x0000000612400000, 0x0000000612800000|  0%| F|  |TAMS 0x0000000612400000, 0x0000000612400000| Untracked 
|  60|0x0000000612800000, 0x0000000612800000, 0x0000000612c00000|  0%| F|  |TAMS 0x0000000612800000, 0x0000000612800000| Untracked 
|  61|0x0000000612c00000, 0x0000000612c00000, 0x0000000613000000|  0%| F|  |TAMS 0x0000000612c00000, 0x0000000612c00000| Untracked 
|  62|0x0000000613000000, 0x0000000613000000, 0x0000000613400000|  0%| F|  |TAMS 0x0000000613000000, 0x0000000613000000| Untracked 
|  63|0x0000000613400000, 0x0000000613400000, 0x0000000613800000|  0%| F|  |TAMS 0x0000000613400000, 0x0000000613400000| Untracked 
|  64|0x0000000613800000, 0x0000000613800000, 0x0000000613c00000|  0%| F|  |TAMS 0x0000000613800000, 0x0000000613800000| Untracked 
|  65|0x0000000613c00000, 0x0000000613c00000, 0x0000000614000000|  0%| F|  |TAMS 0x0000000613c00000, 0x0000000613c00000| Untracked 
|  66|0x0000000614000000, 0x0000000614000000, 0x0000000614400000|  0%| F|  |TAMS 0x0000000614000000, 0x0000000614000000| Untracked 
|  67|0x0000000614400000, 0x0000000614400000, 0x0000000614800000|  0%| F|  |TAMS 0x0000000614400000, 0x0000000614400000| Untracked 
|  68|0x0000000614800000, 0x0000000614800000, 0x0000000614c00000|  0%| F|  |TAMS 0x0000000614800000, 0x0000000614800000| Untracked 
|  69|0x0000000614c00000, 0x0000000614c00000, 0x0000000615000000|  0%| F|  |TAMS 0x0000000614c00000, 0x0000000614c00000| Untracked 
|  70|0x0000000615000000, 0x0000000615000000, 0x0000000615400000|  0%| F|  |TAMS 0x0000000615000000, 0x0000000615000000| Untracked 
|  71|0x0000000615400000, 0x0000000615400000, 0x0000000615800000|  0%| F|  |TAMS 0x0000000615400000, 0x0000000615400000| Untracked 
|  72|0x0000000615800000, 0x0000000615800000, 0x0000000615c00000|  0%| F|  |TAMS 0x0000000615800000, 0x0000000615800000| Untracked 
|  73|0x0000000615c00000, 0x0000000615c00000, 0x0000000616000000|  0%| F|  |TAMS 0x0000000615c00000, 0x0000000615c00000| Untracked 
|  74|0x0000000616000000, 0x0000000616000000, 0x0000000616400000|  0%| F|  |TAMS 0x0000000616000000, 0x0000000616000000| Untracked 
|  75|0x0000000616400000, 0x0000000616400000, 0x0000000616800000|  0%| F|  |TAMS 0x0000000616400000, 0x0000000616400000| Untracked 
|  76|0x0000000616800000, 0x0000000616800000, 0x0000000616c00000|  0%| F|  |TAMS 0x0000000616800000, 0x0000000616800000| Untracked 
|  77|0x0000000616c00000, 0x0000000616c00000, 0x0000000617000000|  0%| F|  |TAMS 0x0000000616c00000, 0x0000000616c00000| Untracked 
|  78|0x0000000617000000, 0x0000000617000000, 0x0000000617400000|  0%| F|  |TAMS 0x0000000617000000, 0x0000000617000000| Untracked 
|  79|0x0000000617400000, 0x0000000617400000, 0x0000000617800000|  0%| F|  |TAMS 0x0000000617400000, 0x0000000617400000| Untracked 
|  80|0x0000000617800000, 0x0000000617800000, 0x0000000617c00000|  0%| F|  |TAMS 0x0000000617800000, 0x0000000617800000| Untracked 
|  81|0x0000000617c00000, 0x0000000617c00000, 0x0000000618000000|  0%| F|  |TAMS 0x0000000617c00000, 0x0000000617c00000| Untracked 
|  82|0x0000000618000000, 0x0000000618000000, 0x0000000618400000|  0%| F|  |TAMS 0x0000000618000000, 0x0000000618000000| Untracked 
|  83|0x0000000618400000, 0x0000000618400000, 0x0000000618800000|  0%| F|  |TAMS 0x0000000618400000, 0x0000000618400000| Untracked 
|  84|0x0000000618800000, 0x0000000618800000, 0x0000000618c00000|  0%| F|  |TAMS 0x0000000618800000, 0x0000000618800000| Untracked 
|  85|0x0000000618c00000, 0x0000000618c00000, 0x0000000619000000|  0%| F|  |TAMS 0x0000000618c00000, 0x0000000618c00000| Untracked 
|  86|0x0000000619000000, 0x0000000619000000, 0x0000000619400000|  0%| F|  |TAMS 0x0000000619000000, 0x0000000619000000| Untracked 
|  87|0x0000000619400000, 0x0000000619400000, 0x0000000619800000|  0%| F|  |TAMS 0x0000000619400000, 0x0000000619400000| Untracked 
|  88|0x0000000619800000, 0x0000000619800000, 0x0000000619c00000|  0%| F|  |TAMS 0x0000000619800000, 0x0000000619800000| Untracked 
|  89|0x0000000619c00000, 0x0000000619c00000, 0x000000061a000000|  0%| F|  |TAMS 0x0000000619c00000, 0x0000000619c00000| Untracked 
|  90|0x000000061a000000, 0x000000061a000000, 0x000000061a400000|  0%| F|  |TAMS 0x000000061a000000, 0x000000061a000000| Untracked 
|  91|0x000000061a400000, 0x000000061a400000, 0x000000061a800000|  0%| F|  |TAMS 0x000000061a400000, 0x000000061a400000| Untracked 
|  92|0x000000061a800000, 0x000000061a800000, 0x000000061ac00000|  0%| F|  |TAMS 0x000000061a800000, 0x000000061a800000| Untracked 
|  93|0x000000061ac00000, 0x000000061ac00000, 0x000000061b000000|  0%| F|  |TAMS 0x000000061ac00000, 0x000000061ac00000| Untracked 
|  94|0x000000061b000000, 0x000000061b000000, 0x000000061b400000|  0%| F|  |TAMS 0x000000061b000000, 0x000000061b000000| Untracked 
|  95|0x000000061b400000, 0x000000061b400000, 0x000000061b800000|  0%| F|  |TAMS 0x000000061b400000, 0x000000061b400000| Untracked 
|  96|0x000000061b800000, 0x000000061b800000, 0x000000061bc00000|  0%| F|  |TAMS 0x000000061b800000, 0x000000061b800000| Untracked 
|  97|0x000000061bc00000, 0x000000061bc00000, 0x000000061c000000|  0%| F|  |TAMS 0x000000061bc00000, 0x000000061bc00000| Untracked 
|  98|0x000000061c000000, 0x000000061c000000, 0x000000061c400000|  0%| F|  |TAMS 0x000000061c000000, 0x000000061c000000| Untracked 
|  99|0x000000061c400000, 0x000000061c400000, 0x000000061c800000|  0%| F|  |TAMS 0x000000061c400000, 0x000000061c400000| Untracked 
| 100|0x000000061c800000, 0x000000061c800000, 0x000000061cc00000|  0%| F|  |TAMS 0x000000061c800000, 0x000000061c800000| Untracked 
| 101|0x000000061cc00000, 0x000000061cc00000, 0x000000061d000000|  0%| F|  |TAMS 0x000000061cc00000, 0x000000061cc00000| Untracked 
| 102|0x000000061d000000, 0x000000061d000000, 0x000000061d400000|  0%| F|  |TAMS 0x000000061d000000, 0x000000061d000000| Untracked 
| 103|0x000000061d400000, 0x000000061d400000, 0x000000061d800000|  0%| F|  |TAMS 0x000000061d400000, 0x000000061d400000| Untracked 
| 104|0x000000061d800000, 0x000000061d800000, 0x000000061dc00000|  0%| F|  |TAMS 0x000000061d800000, 0x000000061d800000| Untracked 
| 105|0x000000061dc00000, 0x000000061dc00000, 0x000000061e000000|  0%| F|  |TAMS 0x000000061dc00000, 0x000000061dc00000| Untracked 
| 106|0x000000061e000000, 0x000000061e000000, 0x000000061e400000|  0%| F|  |TAMS 0x000000061e000000, 0x000000061e000000| Untracked 
| 107|0x000000061e400000, 0x000000061e400000, 0x000000061e800000|  0%| F|  |TAMS 0x000000061e400000, 0x000000061e400000| Untracked 
| 108|0x000000061e800000, 0x000000061e800000, 0x000000061ec00000|  0%| F|  |TAMS 0x000000061e800000, 0x000000061e800000| Untracked 
| 109|0x000000061ec00000, 0x000000061ec00000, 0x000000061f000000|  0%| F|  |TAMS 0x000000061ec00000, 0x000000061ec00000| Untracked 
| 110|0x000000061f000000, 0x000000061f000000, 0x000000061f400000|  0%| F|  |TAMS 0x000000061f000000, 0x000000061f000000| Untracked 
| 111|0x000000061f400000, 0x000000061f400000, 0x000000061f800000|  0%| F|  |TAMS 0x000000061f400000, 0x000000061f400000| Untracked 
| 112|0x000000061f800000, 0x000000061f800000, 0x000000061fc00000|  0%| F|  |TAMS 0x000000061f800000, 0x000000061f800000| Untracked 
| 113|0x000000061fc00000, 0x000000061fc00000, 0x0000000620000000|  0%| F|  |TAMS 0x000000061fc00000, 0x000000061fc00000| Untracked 
| 114|0x0000000620000000, 0x0000000620000000, 0x0000000620400000|  0%| F|  |TAMS 0x0000000620000000, 0x0000000620000000| Untracked 
| 115|0x0000000620400000, 0x0000000620400000, 0x0000000620800000|  0%| F|  |TAMS 0x0000000620400000, 0x0000000620400000| Untracked 
| 116|0x0000000620800000, 0x0000000620800000, 0x0000000620c00000|  0%| F|  |TAMS 0x0000000620800000, 0x0000000620800000| Untracked 
| 117|0x0000000620c00000, 0x0000000620c00000, 0x0000000621000000|  0%| F|  |TAMS 0x0000000620c00000, 0x0000000620c00000| Untracked 
| 118|0x0000000621000000, 0x0000000621000000, 0x0000000621400000|  0%| F|  |TAMS 0x0000000621000000, 0x0000000621000000| Untracked 
| 119|0x0000000621400000, 0x0000000621400000, 0x0000000621800000|  0%| F|  |TAMS 0x0000000621400000, 0x0000000621400000| Untracked 
| 120|0x0000000621800000, 0x0000000621800000, 0x0000000621c00000|  0%| F|  |TAMS 0x0000000621800000, 0x0000000621800000| Untracked 
| 121|0x0000000621c00000, 0x0000000621c00000, 0x0000000622000000|  0%| F|  |TAMS 0x0000000621c00000, 0x0000000621c00000| Untracked 
| 122|0x0000000622000000, 0x0000000622000000, 0x0000000622400000|  0%| F|  |TAMS 0x0000000622000000, 0x0000000622000000| Untracked 
| 123|0x0000000622400000, 0x0000000622571830, 0x0000000622800000| 36%| E|  |TAMS 0x0000000622400000, 0x0000000622400000| Complete 
| 124|0x0000000622800000, 0x0000000622c00000, 0x0000000622c00000|100%| E|CS|TAMS 0x0000000622800000, 0x0000000622800000| Complete 
| 125|0x0000000622c00000, 0x0000000623000000, 0x0000000623000000|100%| E|CS|TAMS 0x0000000622c00000, 0x0000000622c00000| Complete 
| 126|0x0000000623000000, 0x0000000623400000, 0x0000000623400000|100%| E|CS|TAMS 0x0000000623000000, 0x0000000623000000| Complete 
| 127|0x0000000623400000, 0x0000000623800000, 0x0000000623800000|100%| E|CS|TAMS 0x0000000623400000, 0x0000000623400000| Complete 

Card table byte_map: [0x000001f6607a0000,0x000001f661790000] _byte_map_base: 0x000001f65d784000

Marking Bits (Prev, Next): (CMBitMap*) 0x000001f64af1d090, (CMBitMap*) 0x000001f64af1d0d0
 Prev Bits: [0x000001f662780000, 0x000001f66a6a0000)
 Next Bits: [0x000001f66a6a0000, 0x000001f6725c0000)

Polling page: 0x000001f64af50000

Metaspace:

Usage:
  Non-class:     11.20 MB used.
      Class:      1.15 MB used.
       Both:     12.35 MB used.

Virtual space:
  Non-class space:       16.00 MB reserved,      11.25 MB ( 70%) committed,  2 nodes.
      Class space:        1.00 GB reserved,       1.25 MB ( <1%) committed,  1 nodes.
             Both:        1.02 GB reserved,      12.50 MB (  1%) committed. 

Chunk freelists:
   Non-Class:  320.00 KB
       Class:  2.61 MB
        Both:  2.92 MB

MaxMetaspaceSize: unlimited
CompressedClassSpaceSize: 1.00 GB
Initial GC threshold: 21.00 MB
Current GC threshold: 21.00 MB
CDS: off
MetaspaceReclaimPolicy: balanced
 - commit_granule_bytes: 65536.
 - commit_granule_words: 8192.
 - virtual_space_node_default_size: 1048576.
 - enlarge_chunks_in_place: 1.
 - new_chunks_are_fully_committed: 0.
 - uncommit_free_chunks: 1.
 - use_allocation_guard: 0.
 - handle_deallocations: 1.


Internal statistics:

num_allocs_failed_limit: 0.
num_arena_births: 30.
num_arena_deaths: 0.
num_vsnodes_births: 3.
num_vsnodes_deaths: 0.
num_space_committed: 200.
num_space_uncommitted: 0.
num_chunks_returned_to_freelist: 0.
num_chunks_taken_from_freelist: 118.
num_chunk_merges: 0.
num_chunk_splits: 58.
num_chunks_enlarged: 41.
num_purges: 0.
num_inconsistent_stats: 0.

CodeHeap 'non-profiled nmethods': size=120000Kb used=294Kb max_used=294Kb free=119705Kb
 bounds [0x000001f657800000, 0x000001f657a70000, 0x000001f65ed30000]
CodeHeap 'profiled nmethods': size=120000Kb used=1707Kb max_used=1707Kb free=118292Kb
 bounds [0x000001f6502d0000, 0x000001f650540000, 0x000001f657800000]
CodeHeap 'non-nmethods': size=5760Kb used=1229Kb max_used=1259Kb free=4530Kb
 bounds [0x000001f64fd30000, 0x000001f64ffa0000, 0x000001f6502d0000]
 total_blobs=1351 nmethods=912 adapters=352
 compilation: enabled
              stopped_count=0, restarted_count=0
 full_count=0

Compilation events (20 events):
Event: 0.619 Thread 0x000001f67637ba40  908       4       java.lang.StringLatin1::inflate (34 bytes)
Event: 0.620 Thread 0x000001f675ca3fe0 nmethod 903 0x000001f650477d10 code [0x000001f650477f00, 0x000001f650478588]
Event: 0.620 Thread 0x000001f675ca3fe0  904       3       java.util.stream.Collectors$$Lambda$33/0x00000008000df1f8::<init> (20 bytes)
Event: 0.620 Thread 0x000001f675ca3fe0 nmethod 904 0x000001f650478790 code [0x000001f650478940, 0x000001f650478bd8]
Event: 0.620 Thread 0x000001f675ca3fe0  905       3       java.util.stream.Collectors$$Lambda$33/0x00000008000df1f8::get (16 bytes)
Event: 0.620 Thread 0x000001f675ca3fe0 nmethod 905 0x000001f650478c90 code [0x000001f650478e20, 0x000001f650478f88]
Event: 0.620 Thread 0x000001f675ca3fe0  906       3       java.util.stream.Collectors::lambda$joining$11 (11 bytes)
Event: 0.620 Thread 0x000001f675ca3fe0 nmethod 906 0x000001f650479010 code [0x000001f6504791c0, 0x000001f650479368]
Event: 0.620 Thread 0x000001f675ca3fe0  909       3       java.security.AccessController::doPrivileged (9 bytes)
Event: 0.620 Thread 0x000001f675ca3fe0 nmethod 909 0x000001f650479410 code [0x000001f6504795e0, 0x000001f650479918]
Event: 0.621 Thread 0x000001f675ca3fe0  910       3       student.testingsupport.ExitPreventingSecurityManager::checkPermission (16 bytes)
Event: 0.621 Thread 0x000001f675ca3fe0 nmethod 910 0x000001f650479a90 code [0x000001f650479c40, 0x000001f650479e68]
Event: 0.622 Thread 0x000001f675ca3fe0  911       3       java.util.ArrayList::toArray (57 bytes)
Event: 0.622 Thread 0x000001f675ca3fe0 nmethod 911 0x000001f650479f90 code [0x000001f65047a160, 0x000001f65047a6f8]
Event: 0.622 Thread 0x000001f675ca3fe0  912       3       sun.nio.fs.WindowsPath::isEmpty (8 bytes)
Event: 0.622 Thread 0x000001f675ca3fe0 nmethod 912 0x000001f65047a810 code [0x000001f65047a9c0, 0x000001f65047abb8]
Event: 0.622 Thread 0x000001f675ca3fe0  913       1       SkipNode::getForward (5 bytes)
Event: 0.622 Thread 0x000001f675ca3fe0 nmethod 913 0x000001f657848610 code [0x000001f6578487a0, 0x000001f657848878]
Event: 0.625 Thread 0x000001f67637ba40 nmethod 908 0x000001f657848910 code [0x000001f657848a80, 0x000001f657848e98]
Event: 0.625 Thread 0x000001f675ca3ad0 nmethod 894 0x000001f657849010 code [0x000001f6578491a0, 0x000001f6578496f8]

GC Heap History (0 events):
No events

Deoptimization events (20 events):
Event: 0.574 Thread 0x000001f64ae71cf0 DEOPT PACKING pc=0x000001f657842bb8 sp=0x00000063190fd3d0
Event: 0.574 Thread 0x000001f64ae71cf0 DEOPT UNPACKING pc=0x000001f64fd85c23 sp=0x00000063190fd310 mode 2
Event: 0.574 Thread 0x000001f64ae71cf0 Uncommon trap: trap_request=0xffffff45 fr.pc=0x000001f65784321c relative=0x000000000000027c
Event: 0.574 Thread 0x000001f64ae71cf0 Uncommon trap: reason=unstable_if action=reinterpret pc=0x000001f65784321c method=java.io.BufferedReader.read()I @ 19 c2
Event: 0.574 Thread 0x000001f64ae71cf0 DEOPT PACKING pc=0x000001f65784321c sp=0x00000063190fd1b0
Event: 0.574 Thread 0x000001f64ae71cf0 DEOPT UNPACKING pc=0x000001f64fd85c23 sp=0x00000063190fd168 mode 2
Event: 0.596 Thread 0x000001f64ae71cf0 DEOPT PACKING pc=0x000001f650445379 sp=0x00000063190fcb20
Event: 0.596 Thread 0x000001f64ae71cf0 DEOPT UNPACKING pc=0x000001f64fd86763 sp=0x00000063190fbf80 mode 0
Event: 0.611 Thread 0x000001f64ae71cf0 DEOPT PACKING pc=0x000001f650445379 sp=0x00000063190fcb20
Event: 0.611 Thread 0x000001f64ae71cf0 DEOPT UNPACKING pc=0x000001f64fd86763 sp=0x00000063190fbf80 mode 0
Event: 0.614 Thread 0x000001f64ae71cf0 DEOPT PACKING pc=0x000001f650445379 sp=0x00000063190fd180
Event: 0.614 Thread 0x000001f64ae71cf0 DEOPT UNPACKING pc=0x000001f64fd86763 sp=0x00000063190fc5e0 mode 0
Event: 0.617 Thread 0x000001f64ae71cf0 DEOPT PACKING pc=0x000001f650445379 sp=0x00000063190fd1d0
Event: 0.617 Thread 0x000001f64ae71cf0 DEOPT UNPACKING pc=0x000001f64fd86763 sp=0x00000063190fc630 mode 0
Event: 0.619 Thread 0x000001f64ae71cf0 DEOPT PACKING pc=0x000001f650356a3e sp=0x00000063190fcff0
Event: 0.619 Thread 0x000001f64ae71cf0 DEOPT UNPACKING pc=0x000001f64fd86763 sp=0x00000063190fc468 mode 0
Event: 0.620 Thread 0x000001f64ae71cf0 DEOPT PACKING pc=0x000001f650445379 sp=0x00000063190fcb70
Event: 0.620 Thread 0x000001f64ae71cf0 DEOPT UNPACKING pc=0x000001f64fd86763 sp=0x00000063190fbfd0 mode 0
Event: 0.622 Thread 0x000001f64ae71cf0 DEOPT PACKING pc=0x000001f650445379 sp=0x00000063190fcb50
Event: 0.622 Thread 0x000001f64ae71cf0 DEOPT UNPACKING pc=0x000001f64fd86763 sp=0x00000063190fbfb0 mode 0

Classes unloaded (0 events):
No events

Classes redefined (1 events):
Event: 50.046 Thread 0x000001f675c6fc10 redefined class name=SkipList, count=1

Internal exceptions (12 events):
Event: 0.416 Thread 0x000001f64ae71cf0 Exception <a 'java/lang/NoSuchMethodError'{0x00000006232d7678}: 'java.lang.Object java.lang.invoke.DirectMethodHandle$Holder.invokeStaticInit(java.lang.Object)'> (0x00000006232d7678) 
thrown [s\src\hotspot\share\interpreter\linkResolver.cpp, line 759]
Event: 0.421 Thread 0x000001f64ae71cf0 Exception <a 'java/lang/NoSuchMethodError'{0x00000006232ff178}: 'void java.lang.invoke.DirectMethodHandle$Holder.invokeStatic(java.lang.Object, java.lang.Object)'> (0x00000006232ff178) 
thrown [s\src\hotspot\share\interpreter\linkResolver.cpp, line 759]
Event: 0.494 Thread 0x000001f64ae71cf0 Exception <a 'java/lang/NoSuchMethodError'{0x0000000622f2a750}: 'java.lang.Object java.lang.invoke.DirectMethodHandle$Holder.invokeInterface(java.lang.Object, java.lang.Object)'> (0x0000000622f2a750) 
thrown [s\src\hotspot\share\interpreter\linkResolver.cpp, line 759]
Event: 0.494 Thread 0x000001f64ae71cf0 Exception <a 'java/lang/IncompatibleClassChangeError'{0x0000000622f2df48}: Found class java.lang.Object, but interface was expected> (0x0000000622f2df48) 
thrown [s\src\hotspot\share\interpreter\linkResolver.cpp, line 826]
Event: 0.516 Thread 0x000001f64ae71cf0 Exception <a 'java/lang/NoSuchMethodError'{0x0000000622850658}: 'java.lang.Object java.lang.invoke.DirectMethodHandle$Holder.newInvokeSpecial(java.lang.Object, java.lang.Object, java.lang.Object, java.lang.Object, java.lang.Object)'> (0x0000000622850658) 
thrown [s\src\hotspot\share\interpreter\linkResolver.cpp, line 759]
Event: 0.555 Thread 0x000001f64ae71cf0 Exception <a 'java/lang/NoSuchMethodError'{0x0000000622aa6178}: 'int java.lang.invoke.DirectMethodHandle$Holder.invokeStaticInit(java.lang.Object, java.lang.Object, java.lang.Object, java.lang.Object)'> (0x0000000622aa6178) 
thrown [s\src\hotspot\share\interpreter\linkResolver.cpp, line 759]
Event: 0.555 Thread 0x000001f64ae71cf0 Exception <a 'java/lang/IncompatibleClassChangeError'{0x0000000622aaf640}: Found class java.lang.Object, but interface was expected> (0x0000000622aaf640) 
thrown [s\src\hotspot\share\interpreter\linkResolver.cpp, line 826]
Event: 0.556 Thread 0x000001f64ae71cf0 Exception <a 'java/lang/NoSuchMethodError'{0x0000000622ab2bc8}: 'void java.lang.invoke.DirectMethodHandle$Holder.invokeStaticInit(java.lang.Object, java.lang.Object)'> (0x0000000622ab2bc8) 
thrown [s\src\hotspot\share\interpreter\linkResolver.cpp, line 759]
Event: 0.557 Thread 0x000001f64ae71cf0 Exception <a 'java/lang/NoSuchMethodError'{0x0000000622abb060}: 'int java.lang.invoke.DirectMethodHandle$Holder.invokeStaticInit(java.lang.Object, java.lang.Object)'> (0x0000000622abb060) 
thrown [s\src\hotspot\share\interpreter\linkResolver.cpp, line 759]
Event: 0.572 Thread 0x000001f64ae71cf0 Exception <a 'java/lang/ClassNotFoundException'{0x0000000622b3b6d8}: javax/smartcardio/CardPermission> (0x0000000622b3b6d8) 
thrown [s\src\hotspot\share\classfile\systemDictionary.cpp, line 256]
Event: 0.575 Thread 0x000001f64ae71cf0 Exception <a 'java/io/FileNotFoundException'{0x0000000622b4c2f8}> (0x0000000622b4c2f8) 
thrown [s\src\hotspot\share\prims\jni.cpp, line 516]
Event: 0.591 Thread 0x000001f64ae71cf0 Exception <a 'java/lang/NoSuchMethodError'{0x0000000622bd57c0}: 'int java.lang.invoke.DirectMethodHandle$Holder.invokeSpecial(java.lang.Object, java.lang.Object, java.lang.Object)'> (0x0000000622bd57c0) 
thrown [s\src\hotspot\share\interpreter\linkResolver.cpp, line 759]

VM Operations (20 events):
Event: 33.079 Executing VM operation: get/set locals
Event: 33.079 Executing VM operation: get/set locals done
Event: 33.080 Executing VM operation: get/set locals
Event: 33.080 Executing VM operation: get/set locals done
Event: 33.080 Executing VM operation: get/set locals
Event: 33.080 Executing VM operation: get/set locals done
Event: 33.080 Executing VM operation: get/set locals
Event: 33.081 Executing VM operation: get/set locals done
Event: 33.083 Executing VM operation: get/set locals
Event: 33.083 Executing VM operation: get/set locals done
Event: 33.083 Executing VM operation: get/set locals
Event: 33.083 Executing VM operation: get/set locals done
Event: 33.084 Executing VM operation: get/set locals
Event: 33.084 Executing VM operation: get/set locals done
Event: 33.090 Executing VM operation: get/set locals
Event: 33.090 Executing VM operation: get/set locals done
Event: 33.090 Executing VM operation: get/set locals
Event: 33.090 Executing VM operation: get/set locals done
Event: 50.044 Executing VM operation: RedefineClasses
Event: 50.048 Executing VM operation: RedefineClasses done

Events (20 events):
Event: 0.590 loading class sun/management/RuntimeImpl done
Event: 0.590 loading class java/util/Collections$SingletonMap
Event: 0.590 loading class java/util/Collections$SingletonMap done
Event: 0.591 loading class java/util/Collections$2
Event: 0.591 loading class java/util/Collections$2 done
Event: 0.592 loading class sun/management/Util
Event: 0.592 loading class sun/management/Util done
Event: 0.592 loading class java/lang/management/ManagementPermission
Event: 0.592 loading class java/lang/management/ManagementPermission done
Event: 0.593 loading class java/lang/NumberFormatException
Event: 0.593 loading class java/lang/NumberFormatException done
Event: 0.595 loading class java/util/Stack
Event: 0.595 loading class java/util/Stack done
Event: 0.597 loading class java/io/StringBufferInputStream
Event: 0.597 loading class java/io/StringBufferInputStream done
Event: 0.598 loading class java/util/Random
Event: 0.598 loading class java/util/random/RandomGenerator
Event: 0.598 loading class java/util/random/RandomGenerator done
Event: 0.598 loading class java/util/Random done
Event: 5.637 Thread 0x000001f67637ba40 Thread exited: 0x000001f67637ba40


Dynamic libraries:
0x00007ff62d910000 - 0x00007ff62d91e000 	C:\Users\18406\.p2\pool\plugins\org.eclipse.justj.openjdk.hotspot.jre.full.win32.x86_64_17.0.4.v20220805-1047\jre\bin\javaw.exe
0x00007ffdb0630000 - 0x00007ffdb0828000 	C:\WINDOWS\SYSTEM32\ntdll.dll
0x00007ffdb02c0000 - 0x00007ffdb037d000 	C:\WINDOWS\System32\KERNEL32.DLL
0x00007ffdadf50000 - 0x00007ffdae21e000 	C:\WINDOWS\System32\KERNELBASE.dll
0x00007ffdade50000 - 0x00007ffdadf50000 	C:\WINDOWS\System32\ucrtbase.dll
0x00007ffd8d4c0000 - 0x00007ffd8d4d9000 	C:\Users\18406\.p2\pool\plugins\org.eclipse.justj.openjdk.hotspot.jre.full.win32.x86_64_17.0.4.v20220805-1047\jre\bin\VCRUNTIME140.dll
0x00007ffd8cd50000 - 0x00007ffd8cd68000 	C:\Users\18406\.p2\pool\plugins\org.eclipse.justj.openjdk.hotspot.jre.full.win32.x86_64_17.0.4.v20220805-1047\jre\bin\jli.dll
0x00007ffdae730000 - 0x00007ffdae8d0000 	C:\WINDOWS\System32\USER32.dll
0x00007ffdae520000 - 0x00007ffdae542000 	C:\WINDOWS\System32\win32u.dll
0x00007ffd8f5d0000 - 0x00007ffd8f86a000 	C:\WINDOWS\WinSxS\amd64_microsoft.windows.common-controls_6595b64144ccf1df_6.0.19041.1110_none_60b5254171f9507e\COMCTL32.dll
0x00007ffdae8d0000 - 0x00007ffdae8fa000 	C:\WINDOWS\System32\GDI32.dll
0x00007ffdaf770000 - 0x00007ffdaf80e000 	C:\WINDOWS\System32\msvcrt.dll
0x00007ffdae220000 - 0x00007ffdae32b000 	C:\WINDOWS\System32\gdi32full.dll
0x00007ffdae5f0000 - 0x00007ffdae68d000 	C:\WINDOWS\System32\msvcp_win.dll
0x00007ffdae910000 - 0x00007ffdae940000 	C:\WINDOWS\System32\IMM32.DLL
0x00007ffd915a0000 - 0x00007ffd915ac000 	C:\Users\18406\.p2\pool\plugins\org.eclipse.justj.openjdk.hotspot.jre.full.win32.x86_64_17.0.4.v20220805-1047\jre\bin\vcruntime140_1.dll
0x00007ffd6f810000 - 0x00007ffd6f8a1000 	C:\Users\18406\.p2\pool\plugins\org.eclipse.justj.openjdk.hotspot.jre.full.win32.x86_64_17.0.4.v20220805-1047\jre\bin\msvcp140.dll
0x00007ffd157f0000 - 0x00007ffd16436000 	C:\Users\18406\.p2\pool\plugins\org.eclipse.justj.openjdk.hotspot.jre.full.win32.x86_64_17.0.4.v20220805-1047\jre\bin\server\jvm.dll
0x00007ffdafb70000 - 0x00007ffdafc1e000 	C:\WINDOWS\System32\ADVAPI32.dll
0x00007ffdae690000 - 0x00007ffdae72c000 	C:\WINDOWS\System32\sechost.dll
0x00007ffdaf1d0000 - 0x00007ffdaf2f5000 	C:\WINDOWS\System32\RPCRT4.dll
0x00007ffdb05e0000 - 0x00007ffdb05e8000 	C:\WINDOWS\System32\PSAPI.DLL
0x00007ffd91520000 - 0x00007ffd91547000 	C:\WINDOWS\SYSTEM32\WINMM.dll
0x00007ffda93e0000 - 0x00007ffda93e9000 	C:\WINDOWS\SYSTEM32\WSOCK32.dll
0x00007ffdb0190000 - 0x00007ffdb01fb000 	C:\WINDOWS\System32\WS2_32.dll
0x00007ffda3740000 - 0x00007ffda374a000 	C:\WINDOWS\SYSTEM32\VERSION.dll
0x00007ffdac5e0000 - 0x00007ffdac5f2000 	C:\WINDOWS\SYSTEM32\kernel.appcore.dll
0x00007ffda93d0000 - 0x00007ffda93da000 	C:\Users\18406\.p2\pool\plugins\org.eclipse.justj.openjdk.hotspot.jre.full.win32.x86_64_17.0.4.v20220805-1047\jre\bin\jimage.dll
0x00007ffdac2d0000 - 0x00007ffdac4b4000 	C:\WINDOWS\SYSTEM32\DBGHELP.DLL
0x00007ffd91420000 - 0x00007ffd9144c000 	C:\WINDOWS\SYSTEM32\dbgcore.DLL
0x00007ffdae330000 - 0x00007ffdae3b2000 	C:\WINDOWS\System32\bcryptPrimitives.dll
0x00007ffd8c090000 - 0x00007ffd8c0cb000 	C:\Users\18406\.p2\pool\plugins\org.eclipse.justj.openjdk.hotspot.jre.full.win32.x86_64_17.0.4.v20220805-1047\jre\bin\jdwp.dll
0x00007ffd8e8b0000 - 0x00007ffd8e8be000 	C:\Users\18406\.p2\pool\plugins\org.eclipse.justj.openjdk.hotspot.jre.full.win32.x86_64_17.0.4.v20220805-1047\jre\bin\instrument.dll
0x00007ffd8cb30000 - 0x00007ffd8cb55000 	C:\Users\18406\.p2\pool\plugins\org.eclipse.justj.openjdk.hotspot.jre.full.win32.x86_64_17.0.4.v20220805-1047\jre\bin\java.dll
0x00007ffda5b00000 - 0x00007ffda5b18000 	C:\Users\18406\.p2\pool\plugins\org.eclipse.justj.openjdk.hotspot.jre.full.win32.x86_64_17.0.4.v20220805-1047\jre\bin\zip.dll
0x00007ffdae940000 - 0x00007ffdaf084000 	C:\WINDOWS\System32\SHELL32.dll
0x00007ffdaba70000 - 0x00007ffdac204000 	C:\WINDOWS\SYSTEM32\windows.storage.dll
0x00007ffdaf810000 - 0x00007ffdafb64000 	C:\WINDOWS\System32\combase.dll
0x00007ffdad7b0000 - 0x00007ffdad7e0000 	C:\WINDOWS\SYSTEM32\Wldp.dll
0x00007ffdb0380000 - 0x00007ffdb042d000 	C:\WINDOWS\System32\SHCORE.dll
0x00007ffdaf3d0000 - 0x00007ffdaf425000 	C:\WINDOWS\System32\shlwapi.dll
0x00007ffdadc90000 - 0x00007ffdadcaf000 	C:\WINDOWS\SYSTEM32\profapi.dll
0x00007ffd8e5f0000 - 0x00007ffd8e5fc000 	C:\Users\18406\.p2\pool\plugins\org.eclipse.justj.openjdk.hotspot.jre.full.win32.x86_64_17.0.4.v20220805-1047\jre\bin\dt_socket.dll
0x00007ffdad1b0000 - 0x00007ffdad1eb000 	C:\WINDOWS\SYSTEM32\IPHLPAPI.DLL
0x00007ffdad510000 - 0x00007ffdad57a000 	C:\WINDOWS\system32\mswsock.dll
0x00007ffdad1f0000 - 0x00007ffdad2ba000 	C:\WINDOWS\SYSTEM32\DNSAPI.dll
0x00007ffdae900000 - 0x00007ffdae908000 	C:\WINDOWS\System32\NSI.dll
0x00007ffda6130000 - 0x00007ffda613a000 	C:\Windows\System32\rasadhlp.dll
0x00007ffd9fe20000 - 0x00007ffd9fea0000 	C:\WINDOWS\System32\fwpuclnt.dll
0x00007ffdae550000 - 0x00007ffdae577000 	C:\WINDOWS\System32\bcrypt.dll
0x00007ffd918b0000 - 0x00007ffd918c9000 	C:\Users\18406\.p2\pool\plugins\org.eclipse.justj.openjdk.hotspot.jre.full.win32.x86_64_17.0.4.v20220805-1047\jre\bin\net.dll
0x00007ffda84c0000 - 0x00007ffda85ca000 	C:\WINDOWS\SYSTEM32\WINHTTP.dll
0x00007ffd8ccc0000 - 0x00007ffd8ccd5000 	C:\Users\18406\.p2\pool\plugins\org.eclipse.justj.openjdk.hotspot.jre.full.win32.x86_64_17.0.4.v20220805-1047\jre\bin\nio.dll
0x00007ffda5790000 - 0x00007ffda57a0000 	C:\Users\18406\.p2\pool\plugins\org.eclipse.justj.openjdk.hotspot.jre.full.win32.x86_64_17.0.4.v20220805-1047\jre\bin\verify.dll
0x00007ffda61a0000 - 0x00007ffda61b7000 	C:\WINDOWS\SYSTEM32\dhcpcsvc6.DLL
0x00007ffda6180000 - 0x00007ffda619d000 	C:\WINDOWS\SYSTEM32\dhcpcsvc.DLL
0x00007ffd8e5c0000 - 0x00007ffd8e5c9000 	C:\Users\18406\.p2\pool\plugins\org.eclipse.justj.openjdk.hotspot.jre.full.win32.x86_64_17.0.4.v20220805-1047\jre\bin\management.dll
0x00007ffd8c660000 - 0x00007ffd8c66b000 	C:\Users\18406\.p2\pool\plugins\org.eclipse.justj.openjdk.hotspot.jre.full.win32.x86_64_17.0.4.v20220805-1047\jre\bin\management_ext.dll

dbghelp: loaded successfully - version: 4.0.5 - missing functions: none
symbol engine: initialized successfully - sym options: 0x614 - pdb path: .;C:\Users\18406\.p2\pool\plugins\org.eclipse.justj.openjdk.hotspot.jre.full.win32.x86_64_17.0.4.v20220805-1047\jre\bin;C:\WINDOWS\SYSTEM32;C:\WINDOWS\WinSxS\amd64_microsoft.windows.common-controls_6595b64144ccf1df_6.0.19041.1110_none_60b5254171f9507e;C:\Users\18406\.p2\pool\plugins\org.eclipse.justj.openjdk.hotspot.jre.full.win32.x86_64_17.0.4.v20220805-1047\jre\bin\server

VM Arguments:
jvm_args: -XX:+ShowCodeDetailsInExceptionMessages -agentlib:jdwp=transport=dt_socket,suspend=y,address=localhost:60889 -ea -javaagent:D:\Eclipse\eclipse\configuration\org.eclipse.osgi\215\0\.cp\lib\javaagent-shaded.jar -Dfile.encoding=UTF-8 
java_command: org.eclipse.jdt.internal.junit.runner.RemoteTestRunner -version 3 -port 60888 -testLoaderClass org.eclipse.jdt.internal.junit4.runner.JUnit4TestLoader -loaderpluginname org.eclipse.jdt.junit4.runtime -classNames SkipListTest
java_class_path (initial): D:\Eclipse Workplace\Rectangle1\bin;D:\Eclipse Workplace\student.jar;D:\Eclipse\eclipse\configuration\org.eclipse.osgi\213\0\.cp;D:\Eclipse\eclipse\configuration\org.eclipse.osgi\212\0\.cp
Launcher Type: SUN_STANDARD

[Global flags]
     intx CICompilerCount                          = 4                                         {product} {ergonomic}
     uint ConcGCThreads                            = 2                                         {product} {ergonomic}
     uint G1ConcRefinementThreads                  = 8                                         {product} {ergonomic}
   size_t G1HeapRegionSize                         = 4194304                                   {product} {ergonomic}
    uintx GCDrainStackTargetSize                   = 64                                        {product} {ergonomic}
   size_t InitialHeapSize                          = 536870912                                 {product} {ergonomic}
   size_t MarkStackSize                            = 4194304                                   {product} {ergonomic}
   size_t MaxHeapSize                              = 8531214336                                {product} {ergonomic}
   size_t MaxNewSize                               = 5117050880                                {product} {ergonomic}
   size_t MinHeapDeltaBytes                        = 4194304                                   {product} {ergonomic}
   size_t MinHeapSize                              = 8388608                                   {product} {ergonomic}
    uintx NonNMethodCodeHeapSize                   = 5839372                                {pd product} {ergonomic}
    uintx NonProfiledCodeHeapSize                  = 122909434                              {pd product} {ergonomic}
    uintx ProfiledCodeHeapSize                     = 122909434                              {pd product} {ergonomic}
    uintx ReservedCodeCacheSize                    = 251658240                              {pd product} {ergonomic}
     bool SegmentedCodeCache                       = true                                      {product} {ergonomic}
     bool ShowCodeDetailsInExceptionMessages       = true                                   {manageable} {command line}
   size_t SoftMaxHeapSize                          = 8531214336                             {manageable} {ergonomic}
     bool UseCompressedClassPointers               = true                           {product lp64_product} {ergonomic}
     bool UseCompressedOops                        = true                           {product lp64_product} {ergonomic}
     bool UseG1GC                                  = true                                      {product} {ergonomic}
     bool UseLargePagesIndividualAllocation        = false                                  {pd product} {ergonomic}

Logging:
Log output configuration:
 #0: stdout all=warning uptime,level,tags
 #1: stderr all=off uptime,level,tags

Environment Variables:
PATH=C:\Users\18406\.p2\pool\plugins\org.eclipse.justj.openjdk.hotspot.jre.full.win32.x86_64_17.0.4.v20220805-1047\jre\bin;C:/Users/18406/.p2/pool/plugins/org.eclipse.justj.openjdk.hotspot.jre.full.win32.x86_64_17.0.4.v20220805-1047/jre/bin/server;C:/Users/18406/.p2/pool/plugins/org.eclipse.justj.openjdk.hotspot.jre.full.win32.x86_64_17.0.4.v20220805-1047/jre/bin;C:\Program Files (x86)\NVIDIA Corporation\PhysX\Common;C:\Python310\Scripts\;C:\Python310\;C:\WINDOWS\system32;C:\WINDOWS;C:\WINDOWS\System32\Wbem;C:\WINDOWS\System32\WindowsPowerShell\v1.0\;C:\WINDOWS\System32\OpenSSH\;C:\ProgramData\chocolatey\bin;C:\Program Files\Git\cmd;D:\nodeJS\;C:\Users\18406\AppData\Local\Microsoft\WindowsApps;;D:\VScode\Microsoft VS Code\bin;C:\Users\18406\AppData\Roaming\npm;C:\Users\18406\OneDrive\Desktop;
USERNAME=18406
OS=Windows_NT
PROCESSOR_IDENTIFIER=Intel64 Family 6 Model 140 Stepping 1, GenuineIntel
TMP=C:\Users\18406\AppData\Local\Temp
TEMP=C:\Users\18406\AppData\Local\Temp



---------------  S Y S T E M  ---------------

OS:
 Windows 10 , 64 bit Build 19041 (10.0.19041.1889)
OS uptime: 4 days 6:35 hours

CPU: total 8 (initial active 8) (4 cores per cpu, 2 threads per core) family 6 model 140 stepping 1 microcode 0xa4, cx8, cmov, fxsr, ht, mmx, 3dnowpref, sse, sse2, sse3, ssse3, sse4.1, sse4.2, popcnt, lzcnt, tsc, tscinvbit, avx, avx2, aes, erms, clmul, bmi1, bmi2, adx, avx512f, avx512dq, avx512cd, avx512bw, avx512vl, sha, fma, vzeroupper, avx512_vpopcntdq, avx512_vpclmulqdq, avx512_vaes, avx512_vnni, clflush, clflushopt, clwb, avx512_vbmi2, avx512_vbmi

Memory: 4k page, system-wide physical 32533M (20276M free)
TotalPageFile size 37397M (AvailPageFile size 22478M)
current process WorkingSet (physical memory assigned to process): 65M, peak: 69M
current process commit charge ("private bytes"): 616M, peak: 620M

vm_info: OpenJDK 64-Bit Server VM (17.0.4+8) for windows-amd64 JRE (17.0.4+8), built on Jul 19 2022 16:05:16 by "temurin" with MS VC++ 16.7 (VS2019)

END.
